{"/Users/junjunzuo/Documents/workspaces/github-workspace/study/2023.w10/digx/src/index.ts": {"path":"/Users/junjunzuo/Documents/workspaces/github-workspace/study/2023.w10/digx/src/index.ts","all":false,"statementMap":{"0":{"start":{"line":1,"column":0},"end":{"line":1,"column":19}},"1":{"start":{"line":2,"column":0},"end":{"line":2,"column":0}},"2":{"start":{"line":3,"column":0},"end":{"line":3,"column":3}},"3":{"start":{"line":4,"column":0},"end":{"line":4,"column":75}},"4":{"start":{"line":5,"column":0},"end":{"line":5,"column":77}},"5":{"start":{"line":6,"column":0},"end":{"line":6,"column":2}},"6":{"start":{"line":7,"column":0},"end":{"line":7,"column":46}},"7":{"start":{"line":8,"column":0},"end":{"line":8,"column":72}},"8":{"start":{"line":9,"column":0},"end":{"line":9,"column":90}},"9":{"start":{"line":10,"column":0},"end":{"line":10,"column":2}},"10":{"start":{"line":11,"column":0},"end":{"line":11,"column":3}},"11":{"start":{"line":12,"column":0},"end":{"line":12,"column":71}},"12":{"start":{"line":13,"column":0},"end":{"line":13,"column":48}},"13":{"start":{"line":14,"column":0},"end":{"line":14,"column":21}},"14":{"start":{"line":15,"column":0},"end":{"line":15,"column":3}},"15":{"start":{"line":16,"column":0},"end":{"line":16,"column":0}},"16":{"start":{"line":17,"column":0},"end":{"line":17,"column":56}},"17":{"start":{"line":18,"column":0},"end":{"line":18,"column":32}},"18":{"start":{"line":19,"column":0},"end":{"line":19,"column":0}},"19":{"start":{"line":20,"column":0},"end":{"line":20,"column":36}},"20":{"start":{"line":21,"column":0},"end":{"line":21,"column":28}},"21":{"start":{"line":22,"column":0},"end":{"line":22,"column":24}},"22":{"start":{"line":23,"column":0},"end":{"line":23,"column":71}},"23":{"start":{"line":24,"column":0},"end":{"line":24,"column":14}},"24":{"start":{"line":25,"column":0},"end":{"line":25,"column":25}},"25":{"start":{"line":26,"column":0},"end":{"line":26,"column":7}},"26":{"start":{"line":27,"column":0},"end":{"line":27,"column":5}},"27":{"start":{"line":28,"column":0},"end":{"line":28,"column":0}},"28":{"start":{"line":29,"column":0},"end":{"line":29,"column":20}},"29":{"start":{"line":30,"column":0},"end":{"line":30,"column":25}},"30":{"start":{"line":31,"column":0},"end":{"line":31,"column":36}},"31":{"start":{"line":32,"column":0},"end":{"line":32,"column":31}},"32":{"start":{"line":33,"column":0},"end":{"line":33,"column":41}},"33":{"start":{"line":34,"column":0},"end":{"line":34,"column":14}},"34":{"start":{"line":35,"column":0},"end":{"line":35,"column":29}},"35":{"start":{"line":36,"column":0},"end":{"line":36,"column":7}},"36":{"start":{"line":37,"column":0},"end":{"line":37,"column":12}},"37":{"start":{"line":38,"column":0},"end":{"line":38,"column":22}},"38":{"start":{"line":39,"column":0},"end":{"line":39,"column":31}},"39":{"start":{"line":40,"column":0},"end":{"line":40,"column":27}},"40":{"start":{"line":41,"column":0},"end":{"line":41,"column":14}},"41":{"start":{"line":42,"column":0},"end":{"line":42,"column":23}},"42":{"start":{"line":43,"column":0},"end":{"line":43,"column":7}},"43":{"start":{"line":44,"column":0},"end":{"line":44,"column":5}},"44":{"start":{"line":45,"column":0},"end":{"line":45,"column":13}},"45":{"start":{"line":46,"column":0},"end":{"line":46,"column":1}},"46":{"start":{"line":47,"column":0},"end":{"line":47,"column":0}},"47":{"start":{"line":48,"column":0},"end":{"line":48,"column":33}},"48":{"start":{"line":49,"column":0},"end":{"line":49,"column":0}},"49":{"start":{"line":50,"column":0},"end":{"line":50,"column":29}},"50":{"start":{"line":51,"column":0},"end":{"line":51,"column":37}},"51":{"start":{"line":52,"column":0},"end":{"line":52,"column":1}},"52":{"start":{"line":53,"column":0},"end":{"line":53,"column":0}},"53":{"start":{"line":54,"column":0},"end":{"line":54,"column":36}},"54":{"start":{"line":55,"column":0},"end":{"line":55,"column":0}},"55":{"start":{"line":56,"column":0},"end":{"line":56,"column":33}},"56":{"start":{"line":57,"column":0},"end":{"line":57,"column":10}},"57":{"start":{"line":58,"column":0},"end":{"line":58,"column":7}},"58":{"start":{"line":59,"column":0},"end":{"line":59,"column":30}},"59":{"start":{"line":60,"column":0},"end":{"line":60,"column":29}},"60":{"start":{"line":61,"column":0},"end":{"line":61,"column":25}},"61":{"start":{"line":62,"column":0},"end":{"line":62,"column":4}},"62":{"start":{"line":63,"column":0},"end":{"line":63,"column":1}}},"s":{"0":1,"1":1,"2":1,"3":1,"4":1,"5":1,"6":1,"7":1,"8":1,"9":1,"10":1,"11":8,"12":8,"13":1,"14":1,"15":7,"16":7,"17":7,"18":7,"19":7,"20":15,"21":2,"22":1,"23":1,"24":1,"25":1,"26":2,"27":13,"28":15,"29":6,"30":6,"31":6,"32":1,"33":6,"34":5,"35":5,"36":15,"37":7,"38":7,"39":2,"40":7,"41":5,"42":5,"43":7,"44":7,"45":7,"46":1,"47":1,"48":1,"49":13,"50":13,"51":13,"52":1,"53":1,"54":1,"55":7,"56":7,"57":7,"58":7,"59":7,"60":7,"61":7,"62":7},"branchMap":{"0":{"type":"branch","line":12,"loc":{"start":{"line":12,"column":0},"end":{"line":46,"column":1}},"locations":[{"start":{"line":12,"column":0},"end":{"line":46,"column":1}}]},"1":{"type":"branch","line":13,"loc":{"start":{"line":13,"column":21},"end":{"line":13,"column":45}},"locations":[{"start":{"line":13,"column":21},"end":{"line":13,"column":45}}]},"2":{"type":"branch","line":13,"loc":{"start":{"line":13,"column":47},"end":{"line":15,"column":3}},"locations":[{"start":{"line":13,"column":47},"end":{"line":15,"column":3}}]},"3":{"type":"branch","line":16,"loc":{"start":{"line":16,"column":-1},"end":{"line":46,"column":1}},"locations":[{"start":{"line":16,"column":-1},"end":{"line":46,"column":1}}]},"4":{"type":"branch","line":20,"loc":{"start":{"line":20,"column":22},"end":{"line":45,"column":3}},"locations":[{"start":{"line":20,"column":22},"end":{"line":45,"column":3}}]},"5":{"type":"branch","line":21,"loc":{"start":{"line":21,"column":27},"end":{"line":27,"column":5}},"locations":[{"start":{"line":21,"column":27},"end":{"line":27,"column":5}}]},"6":{"type":"branch","line":22,"loc":{"start":{"line":22,"column":23},"end":{"line":26,"column":7}},"locations":[{"start":{"line":22,"column":23},"end":{"line":26,"column":7}}]},"7":{"type":"branch","line":28,"loc":{"start":{"line":28,"column":-1},"end":{"line":29,"column":19}},"locations":[{"start":{"line":28,"column":-1},"end":{"line":29,"column":19}}]},"8":{"type":"branch","line":29,"loc":{"start":{"line":29,"column":19},"end":{"line":37,"column":11}},"locations":[{"start":{"line":29,"column":19},"end":{"line":37,"column":11}}]},"9":{"type":"branch","line":32,"loc":{"start":{"line":32,"column":30},"end":{"line":34,"column":13}},"locations":[{"start":{"line":32,"column":30},"end":{"line":34,"column":13}}]},"10":{"type":"branch","line":34,"loc":{"start":{"line":34,"column":7},"end":{"line":36,"column":7}},"locations":[{"start":{"line":34,"column":7},"end":{"line":36,"column":7}}]},"11":{"type":"branch","line":37,"loc":{"start":{"line":37,"column":5},"end":{"line":44,"column":5}},"locations":[{"start":{"line":37,"column":5},"end":{"line":44,"column":5}}]},"12":{"type":"branch","line":39,"loc":{"start":{"line":39,"column":30},"end":{"line":41,"column":13}},"locations":[{"start":{"line":39,"column":30},"end":{"line":41,"column":13}}]},"13":{"type":"branch","line":41,"loc":{"start":{"line":41,"column":7},"end":{"line":43,"column":7}},"locations":[{"start":{"line":41,"column":7},"end":{"line":43,"column":7}}]},"14":{"type":"branch","line":50,"loc":{"start":{"line":50,"column":0},"end":{"line":52,"column":1}},"locations":[{"start":{"line":50,"column":0},"end":{"line":52,"column":1}}]},"15":{"type":"branch","line":56,"loc":{"start":{"line":56,"column":0},"end":{"line":63,"column":1}},"locations":[{"start":{"line":56,"column":0},"end":{"line":63,"column":1}}]},"16":{"type":"branch","line":61,"loc":{"start":{"line":61,"column":14},"end":{"line":61,"column":24}},"locations":[{"start":{"line":61,"column":14},"end":{"line":61,"column":24}}]}},"b":{"0":[8],"1":[7],"2":[1],"3":[7],"4":[15],"5":[2],"6":[1],"7":[13],"8":[6],"9":[1],"10":[5],"11":[7],"12":[2],"13":[5],"14":[13],"15":[7],"16":[23]},"fnMap":{"0":{"name":"dig","decl":{"start":{"line":12,"column":0},"end":{"line":46,"column":1}},"loc":{"start":{"line":12,"column":0},"end":{"line":46,"column":1}},"line":12},"1":{"name":"isNum","decl":{"start":{"line":50,"column":0},"end":{"line":52,"column":1}},"loc":{"start":{"line":50,"column":0},"end":{"line":52,"column":1}},"line":50},"2":{"name":"splitPath","decl":{"start":{"line":56,"column":0},"end":{"line":63,"column":1}},"loc":{"start":{"line":56,"column":0},"end":{"line":63,"column":1}},"line":56}},"f":{"0":8,"1":13,"2":7}}
}
