TN:
SF:src/index.ts
FN:12,dig
FN:50,isNum
FN:56,splitPath
FNF:3
FNH:3
FNDA:8,dig
FNDA:13,isNum
FNDA:7,splitPath
DA:1,1
DA:2,1
DA:3,1
DA:4,1
DA:5,1
DA:6,1
DA:7,1
DA:8,1
DA:9,1
DA:10,1
DA:11,1
DA:12,8
DA:13,8
DA:14,1
DA:15,1
DA:16,7
DA:17,7
DA:18,7
DA:19,7
DA:20,7
DA:21,15
DA:22,2
DA:23,1
DA:24,1
DA:25,1
DA:26,1
DA:27,2
DA:28,13
DA:29,15
DA:30,6
DA:31,6
DA:32,6
DA:33,1
DA:34,6
DA:35,5
DA:36,5
DA:37,15
DA:38,7
DA:39,7
DA:40,2
DA:41,7
DA:42,5
DA:43,5
DA:44,7
DA:45,7
DA:46,7
DA:47,1
DA:48,1
DA:49,1
DA:50,13
DA:51,13
DA:52,13
DA:53,1
DA:54,1
DA:55,1
DA:56,7
DA:57,7
DA:58,7
DA:59,7
DA:60,7
DA:61,7
DA:62,7
DA:63,7
LF:63
LH:63
BRDA:12,0,0,8
BRDA:13,1,0,7
BRDA:13,2,0,1
BRDA:16,3,0,7
BRDA:20,4,0,15
BRDA:21,5,0,2
BRDA:22,6,0,1
BRDA:28,7,0,13
BRDA:29,8,0,6
BRDA:32,9,0,1
BRDA:34,10,0,5
BRDA:37,11,0,7
BRDA:39,12,0,2
BRDA:41,13,0,5
BRDA:50,14,0,13
BRDA:56,15,0,7
BRDA:61,16,0,23
BRF:17
BRH:17
end_of_record
